Arguments: 
  /Users/bogi/.nvm/versions/node/v8.11.2/bin/node /usr/local/Cellar/yarn/1.5.1_1/libexec/bin/yarn.js remove raven

PATH: 
  /Users/bogi/.nvm/versions/node/v8.11.2/bin:/usr/local/Cellar/pyenv-virtualenv/1.1.1/shims:/Users/bogi/.pyenv/shims:/Users/bogi/.rbenv/shims:/Users/bogi/.rbenv/bin:/usr/local/Cellar/graphicsmagick/1.3.26_1:/usr/local/mysql/bin:/Library/Frameworks/Python.framework/Versions/3.6/bin:/usr/local/bin:/usr/bin:/bin:/usr/sbin:/sbin:/usr/local/go/bin:/usr/local/share/dotnet:/Library/Frameworks/Mono.framework/Versions/Current/Commands:/Applications/Wireshark.app/Contents/MacOS:/Users/bogi/bin:/Users/bogi/Library/Android/sdk/emulator:/Users/bogi/Library/Android/sdk/tools:/Users/bogi/Library/Android/sdk/platform-tools

Yarn version: 
  1.5.1

Node version: 
  8.11.2

Platform: 
  darwin x64

npm manifest: 
  {
    "name": "WanderSnap-api",
    "version": "1.0.0",
    "license": "MIT",
    "description": "Lean Hapi API Boilerplate",
    "bugs": {
      "url": "https://github.com/indulgee/core-api"
    },
    "main": "server.js",
    "scripts": {
      "test": "./node_modules/lab/bin/lab -v",
      "start": "node server.js",
      "start:lint": "npm-run-all --parallel lint start:watch",
      "start:watch": "nodemon server.js",
      "lint": "eslint . --ext .js"
    },
    "author": "Omer Baig",
    "homepage": "https://github.com/indulgee/core-api",
    "private": false,
    "repository": {
      "type": "git",
      "url": "git+https://github.com/indulgee/core-api.git"
    },
    "keywords": [
      "hapi",
      "boilerplate"
    ],
    "dependencies": {
      "async": "^2.1.5",
      "asyncawait": "^1.0.6",
      "await-to-js": "^2.0.1",
      "aws-sdk": "^2.96.0",
      "bcrypt": "^1.0.2",
      "bell": "^9.3.0",
      "blipp": "^3.0.0",
      "bluebird": "^3.5.0",
      "bookshelf": "^0.10.4",
      "boom": "^7.2.0",
      "glue": "^5.0.0",
      "gm": "^1.23.0",
      "good": "^8.1.1",
      "good-console": "^7.1.0",
      "good-squeeze": "^5.1.0",
      "hapi": "^17.4.0",
      "hapi-auth-jwt2": "^8.1.0",
      "hapi-raven": "^7.0.0",
      "hapi-raven-boom": "^6.1.0",
      "inert": "^5.1.0",
      "joi": "^13.3.0",
      "jsonwebtoken": "^7.4.2",
      "knex": "^0.13.0",
      "mongoose": "^4.11.6",
      "mysql2": "^1.4.2",
      "node-mandrill": "^1.0.1",
      "node-uuid": "^1.4.8",
      "nodemailer": "^3.1.4",
      "paypal-rest-sdk": "^1.8.1",
      "pipefy": "^0.1.1",
      "pusher": "^1.5.1",
      "raven": "^2.6.2",
      "request": "^2.83.0",
      "s3-streaming-upload": "^0.2.3",
      "s3-zip": "^1.0.1",
      "sequelize": "^4.15.0",
      "sequence-sdk": "^1.5.0",
      "sharp": "^0.19.0",
      "shortid": "^2.2.8",
      "slug": "^0.9.1",
      "stripe": "^4.15.0",
      "twilio": "^3.6.1",
      "underscore": "^1.8.3",
      "vision": "^5.3.2",
      "xero-node": "^3.0.4",
      "xml-stream": "^0.4.5"
    },
    "devDependencies": {
      "code": "^4.0.0",
      "eslint": "^4.19.1",
      "eslint-plugin-import": "^2.12.0",
      "hapi-swagger": "^9.1.1",
      "lab": "^11.2.1",
      "nodemon": "^1.11.0",
      "npm-run-all": "^3.1.2"
    },
    "eslintConfig": {
      "env": {
        "node": true,
        "es6": true
      }
    },
    "directories": {
      "test": "test"
    }
  }

yarn manifest: 
  No manifest

Lockfile: 
  No lockfile

Trace: 
  Error: No lockfile in this directory. Run `yarn install` to generate one.
      at new MessageError (/usr/local/Cellar/yarn/1.5.1_1/libexec/lib/cli.js:186:110)
      at /usr/local/Cellar/yarn/1.5.1_1/libexec/lib/cli.js:89389:13
      at <anonymous>
